Using pre-set license
Built from '2020.3/release' branch; Version is '2020.3.15f2 (6cf78cb77498) revision 7141260'; Using compiler version '192528614'; Build Type 'Release'
OS: 'Windows 10 Pro; OS build 19043.1110; Version 2009; 64bit' Language: 'ja' Physical Memory: 16328 MB
BatchMode: 1, IsHumanControllingUs: 0, StartBugReporterOnCrash: 0, Is64bit: 1, IsPro: 0

 COMMAND LINE ARGUMENTS:
C:\Program Files\Unity\Hub\Editor\2020.3.15f2\Editor\Unity.exe
-adb2
-batchMode
-noUpm
-name
AssetImportWorker0
-projectPath
C:/GitRoot/FlastaRoulette_git/FlastaRoulette
-logFile
Logs/AssetImportWorker0.log
-srvPort
53147
Successfully changed project path to: C:/GitRoot/FlastaRoulette_git/FlastaRoulette
C:/GitRoot/FlastaRoulette_git/FlastaRoulette
Using Asset Import Pipeline V2.
Refreshing native plugins compatible for Editor in 94.75 ms, found 2 plugins.
Preloading 0 native plugins for Editor in 0.00 ms.
Initialize engine version: 2020.3.15f2 (6cf78cb77498)
[Subsystems] Discovering subsystems at path C:/Program Files/Unity/Hub/Editor/2020.3.15f2/Editor/Data/Resources/UnitySubsystems
[Subsystems] Discovering subsystems at path C:/GitRoot/FlastaRoulette_git/FlastaRoulette/Assets
GfxDevice: creating device client; threaded=0
Direct3D:
    Version:  Direct3D 11.0 [level 11.1]
    Renderer: NVIDIA GeForce GTX 1660 SUPER (ID=0x21c4)
    Vendor:   
    VRAM:     5991 MB
    Driver:   27.21.14.5671
Initialize mono
Mono path[0] = 'C:/Program Files/Unity/Hub/Editor/2020.3.15f2/Editor/Data/Managed'
Mono path[1] = 'C:/Program Files/Unity/Hub/Editor/2020.3.15f2/Editor/Data/MonoBleedingEdge/lib/mono/unityjit'
Mono config path = 'C:/Program Files/Unity/Hub/Editor/2020.3.15f2/Editor/Data/MonoBleedingEdge/etc'
Using monoOptions --debugger-agent=transport=dt_socket,embedding=1,server=y,suspend=n,address=127.0.0.1:56112
Begin MonoManager ReloadAssembly
Registering precompiled unity dll's ...
Register platform support module: C:/Program Files/Unity/Hub/Editor/2020.3.15f2/Editor/Data/PlaybackEngines/WebGLSupport/UnityEditor.WebGL.Extensions.dll
Register platform support module: C:/Program Files/Unity/Hub/Editor/2020.3.15f2/Editor/Data/PlaybackEngines/MacStandaloneSupport/UnityEditor.OSXStandalone.Extensions.dll
Register platform support module: C:/Program Files/Unity/Hub/Editor/2020.3.15f2/Editor/Data/PlaybackEngines/WindowsStandaloneSupport/UnityEditor.WindowsStandalone.Extensions.dll
Registered in 0.020077 seconds.
Native extension for WindowsStandalone target not found
Native extension for OSXStandalone target not found
Native extension for WebGL target not found
Refreshing native plugins compatible for Editor in 71.32 ms, found 2 plugins.
Preloading 0 native plugins for Editor in 0.00 ms.
Mono: successfully reloaded assembly
- Completed reload, in  6.137 seconds
Domain Reload Profiling:
	ReloadAssembly (6138ms)
		BeginReloadAssembly (614ms)
			ExecutionOrderSort (0ms)
			DisableScriptedObjects (0ms)
			BackupInstance (0ms)
			ReleaseScriptingObjects (0ms)
			CreateAndSetChildDomain (4ms)
		EndReloadAssembly (1067ms)
			LoadAssemblies (616ms)
			RebuildTransferFunctionScriptingTraits (0ms)
			SetupTypeCache (405ms)
			ReleaseScriptCaches (0ms)
			RebuildScriptCaches (66ms)
			SetupLoadedEditorAssemblies (402ms)
				LogAssemblyErrors (0ms)
				InitializePlatformSupportModulesInManaged (14ms)
				SetLoadedEditorAssemblies (0ms)
				RefreshPlugins (71ms)
				BeforeProcessingInitializeOnLoad (51ms)
				ProcessInitializeOnLoadAttributes (208ms)
				ProcessInitializeOnLoadMethodAttributes (57ms)
				AfterProcessingInitializeOnLoad (0ms)
				EditorAssembliesLoaded (0ms)
			ExecutionOrderSort2 (0ms)
			AwakeInstancesAfterBackupRestoration (0ms)
Platform modules already initialized, skipping
Registering precompiled user dll's ...
Registered in 0.026120 seconds.
Begin MonoManager ReloadAssembly
Native extension for WindowsStandalone target not found
Native extension for OSXStandalone target not found
Native extension for WebGL target not found
Refreshing native plugins compatible for Editor in 0.38 ms, found 2 plugins.
Preloading 0 native plugins for Editor in 0.00 ms.
Mono: successfully reloaded assembly
- Completed reload, in  3.197 seconds
Domain Reload Profiling:
	ReloadAssembly (3201ms)
		BeginReloadAssembly (830ms)
			ExecutionOrderSort (0ms)
			DisableScriptedObjects (65ms)
			BackupInstance (0ms)
			ReleaseScriptingObjects (0ms)
			CreateAndSetChildDomain (34ms)
		EndReloadAssembly (2233ms)
			LoadAssemblies (661ms)
			RebuildTransferFunctionScriptingTraits (0ms)
			SetupTypeCache (753ms)
			ReleaseScriptCaches (0ms)
			RebuildScriptCaches (81ms)
			SetupLoadedEditorAssemblies (927ms)
				LogAssemblyErrors (0ms)
				InitializePlatformSupportModulesInManaged (13ms)
				SetLoadedEditorAssemblies (1ms)
				RefreshPlugins (1ms)
				BeforeProcessingInitializeOnLoad (186ms)
				ProcessInitializeOnLoadAttributes (687ms)
				ProcessInitializeOnLoadMethodAttributes (13ms)
				AfterProcessingInitializeOnLoad (27ms)
				EditorAssembliesLoaded (0ms)
			ExecutionOrderSort2 (0ms)
			AwakeInstancesAfterBackupRestoration (9ms)
Platform modules already initialized, skipping
========================================================================
Worker process is ready to serve import requests
Launched and connected shader compiler UnityShaderCompiler.exe after 0.19 seconds
Refreshing native plugins compatible for Editor in 0.35 ms, found 2 plugins.
Preloading 0 native plugins for Editor in 0.00 ms.
Unloading 1396 Unused Serialized files (Serialized files now loaded: 0)
System memory in use before: 65.0 MB.
System memory in use after: 65.0 MB.

Unloading 19 unused Assets to reduce memory usage. Loaded Objects now: 1829.
Total: 3.071200 ms (FindLiveObjects: 0.323400 ms CreateObjectMapping: 0.093000 ms MarkObjects: 2.549500 ms  DeleteObjects: 0.103600 ms)

AssetImportParameters requested are different than current active one (requested -> active):
  custom:framework-win-MediaFoundation: 216162199b28c13a410421893ffa2e32 -> 
  custom:video-decoder-ogg-theora: a1e56fd34408186e4bbccfd4996cb3dc -> 
  custom:container-muxer-webm: aa71ff27fc2769a1b78a27578f13a17b -> 
  custom:container-demuxer-webm: 4f35f7cbe854078d1ac9338744f61a02 -> 
  custom:container-demuxer-ogg: 62fdf1f143b41e24485cea50d1cbac27 -> 
  custom:video-encoder-webm-vp8: eb34c28f22e8b96e1ab97ce403110664 -> 
  custom:video-codec-MediaFoundation-h265: 746d11721c4dcdbdad8f713fa42b33f4 -> 
  custom:video-decoder-webm-vp8: 9c59270c3fd7afecdb556c50c9e8de78 -> 
  custom:audio-decoder-ogg-vorbis: bf7c407c2cedff20999df2af8eb42d56 -> 
  custom:audio-encoder-webm-vorbis: bf7c407c2cedff20999df2af8eb42d56 -> 
========================================================================
Received Import Request.
  path: Assets/Scenes/Title 1.unity
  artifactKey: Guid(5e73f7e656a8a6840836cc559f441f4a) Importer(815301076,1909f56bfc062723c751e8b465ee728b)
Start importing Assets/Scenes/Title 1.unity using Guid(5e73f7e656a8a6840836cc559f441f4a) Importer(815301076,1909f56bfc062723c751e8b465ee728b)  -> (artifact id: '8df4e2865fe778220b65b7b1e6c797e8') in 0.202390 seconds 
  Import took 0.208197 seconds .

========================================================================
Received Import Request.
  Time since last request: 3.216690 seconds.
  path: Assets/Scenes/Title 2.unity
  artifactKey: Guid(457abb970dc91584389ad9c5b3e728c8) Importer(815301076,1909f56bfc062723c751e8b465ee728b)
Start importing Assets/Scenes/Title 2.unity using Guid(457abb970dc91584389ad9c5b3e728c8) Importer(815301076,1909f56bfc062723c751e8b465ee728b)  -> (artifact id: '99fb4d1dba1e910c987085658ee41c9d') in 0.033496 seconds 
  Import took 0.044349 seconds .

========================================================================
Received Import Request.
  Time since last request: 0.499171 seconds.
  path: Assets/Scenes/Title.unity
  artifactKey: Guid(9fc0d4010bbf28b4594072e72b8655ab) Importer(815301076,1909f56bfc062723c751e8b465ee728b)
Start importing Assets/Scenes/Title.unity using Guid(9fc0d4010bbf28b4594072e72b8655ab) Importer(815301076,1909f56bfc062723c751e8b465ee728b)  -> (artifact id: 'ba165632aba5189faf074db3ed1f5627') in 0.041500 seconds 
  Import took 0.055901 seconds .

========================================================================
Received Import Request.
  Time since last request: 2.407946 seconds.
  path: Assets/Scenes/Main.unity
  artifactKey: Guid(457abb970dc91584389ad9c5b3e728c8) Importer(815301076,1909f56bfc062723c751e8b465ee728b)
Start importing Assets/Scenes/Main.unity using Guid(457abb970dc91584389ad9c5b3e728c8) Importer(815301076,1909f56bfc062723c751e8b465ee728b)  -> (artifact id: '680869e131bc5b75e7979456887408c2') in 0.065089 seconds 
  Import took 0.070772 seconds .

========================================================================
Received Import Request.
  Time since last request: 6.278689 seconds.
  path: Assets/Scenes/01_Menu.unity
  artifactKey: Guid(5e73f7e656a8a6840836cc559f441f4a) Importer(815301076,1909f56bfc062723c751e8b465ee728b)
Start importing Assets/Scenes/01_Menu.unity using Guid(5e73f7e656a8a6840836cc559f441f4a) Importer(815301076,1909f56bfc062723c751e8b465ee728b)  -> (artifact id: '22be628578c600249079c20cbfc30b52') in 0.018128 seconds 
  Import took 0.045717 seconds .

========================================================================
Received Import Request.
  Time since last request: 2.912984 seconds.
  path: Assets/Scenes/00_Title.unity
  artifactKey: Guid(9fc0d4010bbf28b4594072e72b8655ab) Importer(815301076,1909f56bfc062723c751e8b465ee728b)
Start importing Assets/Scenes/00_Title.unity using Guid(9fc0d4010bbf28b4594072e72b8655ab) Importer(815301076,1909f56bfc062723c751e8b465ee728b)  -> (artifact id: 'e855ac182be0da84b7b8e42103794e60') in 0.047249 seconds 
  Import took 0.166837 seconds .

========================================================================
Received Import Request.
  Time since last request: 5.813966 seconds.
  path: Assets/Scenes/02_Main.unity
  artifactKey: Guid(457abb970dc91584389ad9c5b3e728c8) Importer(815301076,1909f56bfc062723c751e8b465ee728b)
Start importing Assets/Scenes/02_Main.unity using Guid(457abb970dc91584389ad9c5b3e728c8) Importer(815301076,1909f56bfc062723c751e8b465ee728b)  -> (artifact id: 'fe6b90911cb35a5962bb406b21e54da6') in 0.059471 seconds 
  Import took 0.070648 seconds .

========================================================================
Received Import Request.
  Time since last request: 55.698446 seconds.
  path: Assets
  artifactKey: Guid(00000000000000001000000000000000) Importer(815301076,1909f56bfc062723c751e8b465ee728b)
Start importing Assets using Guid(00000000000000001000000000000000) Importer(815301076,1909f56bfc062723c751e8b465ee728b)  -> (artifact id: '42d402b061de3733987d63b9cc3b64de') in 0.046762 seconds 
  Import took 0.053129 seconds .

========================================================================
Received Import Request.
  Time since last request: 6.246991 seconds.
  path: Assets/Images
  artifactKey: Guid(aa5504b33fde43e4fad03233cc3274c1) Importer(815301076,1909f56bfc062723c751e8b465ee728b)
Start importing Assets/Images using Guid(aa5504b33fde43e4fad03233cc3274c1) Importer(815301076,1909f56bfc062723c751e8b465ee728b)  -> (artifact id: '829dc8dcc03534484d14cd0f885d9006') in 0.028809 seconds 
  Import took 0.033077 seconds .

========================================================================
Received Import Request.
  Time since last request: 5.070689 seconds.
  path: Assets/Images/logo.png
  artifactKey: Guid(f05c891527b5d6b4f9714465eac7c02a) Importer(815301076,1909f56bfc062723c751e8b465ee728b)
Start importing Assets/Images/logo.png using Guid(f05c891527b5d6b4f9714465eac7c02a) Importer(815301076,1909f56bfc062723c751e8b465ee728b)  -> (artifact id: 'c3c7c447fccdcf88e14bd82e8f63f917') in 0.305648 seconds 
  Import took 0.310544 seconds .

========================================================================
Received Import Request.
  Time since last request: 2.301700 seconds.
  path: Assets/Images/logo.png
  artifactKey: Guid(f05c891527b5d6b4f9714465eac7c02a) Importer(815301076,1909f56bfc062723c751e8b465ee728b)
Start importing Assets/Images/logo.png using Guid(f05c891527b5d6b4f9714465eac7c02a) Importer(815301076,1909f56bfc062723c751e8b465ee728b)  -> (artifact id: '37124d25f00a9ad509d5dd982a64687e') in 0.400589 seconds 
  Import took 0.428836 seconds .

========================================================================
Received Prepare
Registering precompiled user dll's ...
Registered in 1.721166 seconds.
Begin MonoManager ReloadAssembly
Native extension for WindowsStandalone target not found
Native extension for OSXStandalone target not found
Native extension for WebGL target not found
Refreshing native plugins compatible for Editor in 0.38 ms, found 2 plugins.
Preloading 0 native plugins for Editor in 0.00 ms.
Mono: successfully reloaded assembly
- Completed reload, in 27.170 seconds
Domain Reload Profiling:
	ReloadAssembly (27170ms)
		BeginReloadAssembly (1203ms)
			ExecutionOrderSort (0ms)
			DisableScriptedObjects (17ms)
			BackupInstance (0ms)
			ReleaseScriptingObjects (0ms)
			CreateAndSetChildDomain (83ms)
		EndReloadAssembly (25821ms)
			LoadAssemblies (1234ms)
			RebuildTransferFunctionScriptingTraits (0ms)
			SetupTypeCache (17563ms)
			ReleaseScriptCaches (1ms)
			RebuildScriptCaches (84ms)
			SetupLoadedEditorAssemblies (7453ms)
				LogAssemblyErrors (0ms)
				InitializePlatformSupportModulesInManaged (23ms)
				SetLoadedEditorAssemblies (2ms)
				RefreshPlugins (0ms)
				BeforeProcessingInitializeOnLoad (797ms)
				ProcessInitializeOnLoadAttributes (6569ms)
				ProcessInitializeOnLoadMethodAttributes (23ms)
				AfterProcessingInitializeOnLoad (38ms)
				EditorAssembliesLoaded (0ms)
			ExecutionOrderSort2 (0ms)
			AwakeInstancesAfterBackupRestoration (11ms)
Platform modules already initialized, skipping
Refreshing native plugins compatible for Editor in 0.40 ms, found 2 plugins.
Preloading 0 native plugins for Editor in 0.00 ms.
Unloading 1392 Unused Serialized files (Serialized files now loaded: 0)
System memory in use before: 68.1 MB.
System memory in use after: 68.2 MB.

Unloading 14 unused Assets to reduce memory usage. Loaded Objects now: 1840.
Total: 3.790200 ms (FindLiveObjects: 0.162700 ms CreateObjectMapping: 0.152100 ms MarkObjects: 3.403300 ms  DeleteObjects: 0.070400 ms)

AssetImportParameters requested are different than current active one (requested -> active):
  custom:framework-win-MediaFoundation: 216162199b28c13a410421893ffa2e32 -> 
  custom:video-decoder-ogg-theora: a1e56fd34408186e4bbccfd4996cb3dc -> 
  custom:container-muxer-webm: aa71ff27fc2769a1b78a27578f13a17b -> 
  custom:container-demuxer-webm: 4f35f7cbe854078d1ac9338744f61a02 -> 
  custom:container-demuxer-ogg: 62fdf1f143b41e24485cea50d1cbac27 -> 
  custom:video-encoder-webm-vp8: eb34c28f22e8b96e1ab97ce403110664 -> 
  custom:video-codec-MediaFoundation-h265: 746d11721c4dcdbdad8f713fa42b33f4 -> 
  custom:video-decoder-webm-vp8: 9c59270c3fd7afecdb556c50c9e8de78 -> 
  custom:audio-decoder-ogg-vorbis: bf7c407c2cedff20999df2af8eb42d56 -> 
  custom:audio-encoder-webm-vorbis: bf7c407c2cedff20999df2af8eb42d56 -> 
========================================================================
Received Prepare
Registering precompiled user dll's ...
Registered in 0.022755 seconds.
Begin MonoManager ReloadAssembly
Native extension for WindowsStandalone target not found
Native extension for OSXStandalone target not found
Native extension for WebGL target not found
Refreshing native plugins compatible for Editor in 0.38 ms, found 2 plugins.
Preloading 0 native plugins for Editor in 0.00 ms.
Mono: successfully reloaded assembly
- Completed reload, in  4.439 seconds
Domain Reload Profiling:
	ReloadAssembly (4444ms)
		BeginReloadAssembly (1323ms)
			ExecutionOrderSort (0ms)
			DisableScriptedObjects (28ms)
			BackupInstance (0ms)
			ReleaseScriptingObjects (0ms)
			CreateAndSetChildDomain (576ms)
		EndReloadAssembly (2972ms)
			LoadAssemblies (788ms)
			RebuildTransferFunctionScriptingTraits (0ms)
			SetupTypeCache (761ms)
			ReleaseScriptCaches (2ms)
			RebuildScriptCaches (119ms)
			SetupLoadedEditorAssemblies (1468ms)
				LogAssemblyErrors (0ms)
				InitializePlatformSupportModulesInManaged (18ms)
				SetLoadedEditorAssemblies (1ms)
				RefreshPlugins (0ms)
				BeforeProcessingInitializeOnLoad (302ms)
				ProcessInitializeOnLoadAttributes (1045ms)
				ProcessInitializeOnLoadMethodAttributes (17ms)
				AfterProcessingInitializeOnLoad (83ms)
				EditorAssembliesLoaded (0ms)
			ExecutionOrderSort2 (0ms)
			AwakeInstancesAfterBackupRestoration (20ms)
Platform modules already initialized, skipping
Refreshing native plugins compatible for Editor in 0.38 ms, found 2 plugins.
Preloading 0 native plugins for Editor in 0.00 ms.
Unloading 1392 Unused Serialized files (Serialized files now loaded: 0)
System memory in use before: 68.1 MB.
System memory in use after: 68.2 MB.

Unloading 14 unused Assets to reduce memory usage. Loaded Objects now: 1843.
Total: 3.754100 ms (FindLiveObjects: 0.190700 ms CreateObjectMapping: 0.123400 ms MarkObjects: 3.363700 ms  DeleteObjects: 0.068900 ms)

AssetImportParameters requested are different than current active one (requested -> active):
  custom:framework-win-MediaFoundation: 216162199b28c13a410421893ffa2e32 -> 
  custom:video-decoder-ogg-theora: a1e56fd34408186e4bbccfd4996cb3dc -> 
  custom:container-muxer-webm: aa71ff27fc2769a1b78a27578f13a17b -> 
  custom:container-demuxer-webm: 4f35f7cbe854078d1ac9338744f61a02 -> 
  custom:container-demuxer-ogg: 62fdf1f143b41e24485cea50d1cbac27 -> 
  custom:video-encoder-webm-vp8: eb34c28f22e8b96e1ab97ce403110664 -> 
  custom:video-codec-MediaFoundation-h265: 746d11721c4dcdbdad8f713fa42b33f4 -> 
  custom:video-decoder-webm-vp8: 9c59270c3fd7afecdb556c50c9e8de78 -> 
  custom:audio-decoder-ogg-vorbis: bf7c407c2cedff20999df2af8eb42d56 -> 
  custom:audio-encoder-webm-vorbis: bf7c407c2cedff20999df2af8eb42d56 -> 
========================================================================
Received Import Request.
  Time since last request: 475.530328 seconds.
  path: Assets/SceneManager.cs
  artifactKey: Guid(d1beaba4c00a2d54c9c3a62d5b590d66) Importer(815301076,1909f56bfc062723c751e8b465ee728b)
Start importing Assets/SceneManager.cs using Guid(d1beaba4c00a2d54c9c3a62d5b590d66) Importer(815301076,1909f56bfc062723c751e8b465ee728b)  -> (artifact id: '4048631c1f74c83fe3b2ffe410cf6245') in 0.154375 seconds 
  Import took 0.159880 seconds .

========================================================================
Received Import Request.
  Time since last request: 6.956251 seconds.
  path: Assets/SceneSelector.cs
  artifactKey: Guid(d1beaba4c00a2d54c9c3a62d5b590d66) Importer(815301076,1909f56bfc062723c751e8b465ee728b)
Start importing Assets/SceneSelector.cs using Guid(d1beaba4c00a2d54c9c3a62d5b590d66) Importer(815301076,1909f56bfc062723c751e8b465ee728b)  -> (artifact id: 'dae1a1511f47b66c74793d9c8d2f565b') in 7.038309 seconds 
  Import took 7.046899 seconds .

========================================================================
Received Import Request.
  Time since last request: 0.000055 seconds.
  path: Assets/Scripts
  artifactKey: Guid(2656c4592b4b41149b75fbb72baa26ea) Importer(815301076,1909f56bfc062723c751e8b465ee728b)
Start importing Assets/Scripts using Guid(2656c4592b4b41149b75fbb72baa26ea) Importer(815301076,1909f56bfc062723c751e8b465ee728b)  -> (artifact id: 'eed8f63e165eeb4c2877d7496b727b6c') in 0.841305 seconds 
  Import took 0.850608 seconds .

========================================================================
Received Import Request.
  Time since last request: 0.001289 seconds.
  path: Assets/Scripts/SceneSelector.cs
  artifactKey: Guid(d1beaba4c00a2d54c9c3a62d5b590d66) Importer(815301076,1909f56bfc062723c751e8b465ee728b)
Start importing Assets/Scripts/SceneSelector.cs using Guid(d1beaba4c00a2d54c9c3a62d5b590d66) Importer(815301076,1909f56bfc062723c751e8b465ee728b)  -> (artifact id: 'dae1a1511f47b66c74793d9c8d2f565b') in 0.033290 seconds 
  Import took 0.037840 seconds .

========================================================================
Received Prepare
Registering precompiled user dll's ...
Registered in 0.043077 seconds.
Begin MonoManager ReloadAssembly
Native extension for WindowsStandalone target not found
Native extension for OSXStandalone target not found
Native extension for WebGL target not found
Refreshing native plugins compatible for Editor in 0.39 ms, found 2 plugins.
Preloading 0 native plugins for Editor in 0.00 ms.
Mono: successfully reloaded assembly
- Completed reload, in  5.145 seconds
Domain Reload Profiling:
	ReloadAssembly (5145ms)
		BeginReloadAssembly (652ms)
			ExecutionOrderSort (0ms)
			DisableScriptedObjects (6ms)
			BackupInstance (0ms)
			ReleaseScriptingObjects (0ms)
			CreateAndSetChildDomain (80ms)
		EndReloadAssembly (4240ms)
			LoadAssemblies (796ms)
			RebuildTransferFunctionScriptingTraits (0ms)
			SetupTypeCache (1779ms)
			ReleaseScriptCaches (1ms)
			RebuildScriptCaches (84ms)
			SetupLoadedEditorAssemblies (1153ms)
				LogAssemblyErrors (0ms)
				InitializePlatformSupportModulesInManaged (27ms)
				SetLoadedEditorAssemblies (7ms)
				RefreshPlugins (0ms)
				BeforeProcessingInitializeOnLoad (271ms)
				ProcessInitializeOnLoadAttributes (813ms)
				ProcessInitializeOnLoadMethodAttributes (10ms)
				AfterProcessingInitializeOnLoad (24ms)
				EditorAssembliesLoaded (0ms)
			ExecutionOrderSort2 (0ms)
			AwakeInstancesAfterBackupRestoration (13ms)
Platform modules already initialized, skipping
Refreshing native plugins compatible for Editor in 3.59 ms, found 2 plugins.
Preloading 0 native plugins for Editor in 0.00 ms.
Unloading 1392 Unused Serialized files (Serialized files now loaded: 0)
System memory in use before: 68.1 MB.
System memory in use after: 68.2 MB.

Unloading 14 unused Assets to reduce memory usage. Loaded Objects now: 1846.
Total: 4.360700 ms (FindLiveObjects: 0.319100 ms CreateObjectMapping: 0.169800 ms MarkObjects: 3.796600 ms  DeleteObjects: 0.072100 ms)

AssetImportParameters requested are different than current active one (requested -> active):
  custom:framework-win-MediaFoundation: 216162199b28c13a410421893ffa2e32 -> 
  custom:video-decoder-ogg-theora: a1e56fd34408186e4bbccfd4996cb3dc -> 
  custom:container-muxer-webm: aa71ff27fc2769a1b78a27578f13a17b -> 
  custom:container-demuxer-webm: 4f35f7cbe854078d1ac9338744f61a02 -> 
  custom:container-demuxer-ogg: 62fdf1f143b41e24485cea50d1cbac27 -> 
  custom:video-encoder-webm-vp8: eb34c28f22e8b96e1ab97ce403110664 -> 
  custom:video-codec-MediaFoundation-h265: 746d11721c4dcdbdad8f713fa42b33f4 -> 
  custom:video-decoder-webm-vp8: 9c59270c3fd7afecdb556c50c9e8de78 -> 
  custom:audio-decoder-ogg-vorbis: bf7c407c2cedff20999df2af8eb42d56 -> 
  custom:audio-encoder-webm-vorbis: bf7c407c2cedff20999df2af8eb42d56 -> 
========================================================================
Received Import Request.
  Time since last request: 45.364837 seconds.
  path: Assets/Scripts/SceneSelector.cs
  artifactKey: Guid(d1beaba4c00a2d54c9c3a62d5b590d66) Importer(815301076,1909f56bfc062723c751e8b465ee728b)
Start importing Assets/Scripts/SceneSelector.cs using Guid(d1beaba4c00a2d54c9c3a62d5b590d66) Importer(815301076,1909f56bfc062723c751e8b465ee728b)  -> (artifact id: '5236cde74de89b619b878e90d9c63c20') in 0.090615 seconds 
  Import took 0.099532 seconds .

========================================================================
Received Prepare
Registering precompiled user dll's ...
Registered in 0.104388 seconds.
Begin MonoManager ReloadAssembly
Native extension for WindowsStandalone target not found
Native extension for OSXStandalone target not found
Native extension for WebGL target not found
Refreshing native plugins compatible for Editor in 0.57 ms, found 2 plugins.
Preloading 0 native plugins for Editor in 0.00 ms.
Mono: successfully reloaded assembly
- Completed reload, in 13.466 seconds
Domain Reload Profiling:
	ReloadAssembly (13467ms)
		BeginReloadAssembly (456ms)
			ExecutionOrderSort (0ms)
			DisableScriptedObjects (8ms)
			BackupInstance (0ms)
			ReleaseScriptingObjects (0ms)
			CreateAndSetChildDomain (138ms)
		EndReloadAssembly (12873ms)
			LoadAssemblies (502ms)
			RebuildTransferFunctionScriptingTraits (0ms)
			SetupTypeCache (2078ms)
			ReleaseScriptCaches (1ms)
			RebuildScriptCaches (96ms)
			SetupLoadedEditorAssemblies (9801ms)
				LogAssemblyErrors (0ms)
				InitializePlatformSupportModulesInManaged (124ms)
				SetLoadedEditorAssemblies (2ms)
				RefreshPlugins (1ms)
				BeforeProcessingInitializeOnLoad (334ms)
				ProcessInitializeOnLoadAttributes (9264ms)
				ProcessInitializeOnLoadMethodAttributes (18ms)
				AfterProcessingInitializeOnLoad (53ms)
				EditorAssembliesLoaded (6ms)
			ExecutionOrderSort2 (0ms)
			AwakeInstancesAfterBackupRestoration (28ms)
Platform modules already initialized, skipping
Refreshing native plugins compatible for Editor in 1.04 ms, found 2 plugins.
Preloading 0 native plugins for Editor in 0.00 ms.
Unloading 1392 Unused Serialized files (Serialized files now loaded: 0)
System memory in use before: 68.1 MB.
System memory in use after: 68.2 MB.

Unloading 14 unused Assets to reduce memory usage. Loaded Objects now: 1849.
Total: 2.902500 ms (FindLiveObjects: 0.196900 ms CreateObjectMapping: 0.270500 ms MarkObjects: 2.374100 ms  DeleteObjects: 0.059800 ms)

AssetImportParameters requested are different than current active one (requested -> active):
  custom:framework-win-MediaFoundation: 216162199b28c13a410421893ffa2e32 -> 
  custom:video-decoder-ogg-theora: a1e56fd34408186e4bbccfd4996cb3dc -> 
  custom:container-muxer-webm: aa71ff27fc2769a1b78a27578f13a17b -> 
  custom:container-demuxer-webm: 4f35f7cbe854078d1ac9338744f61a02 -> 
  custom:container-demuxer-ogg: 62fdf1f143b41e24485cea50d1cbac27 -> 
  custom:video-encoder-webm-vp8: eb34c28f22e8b96e1ab97ce403110664 -> 
  custom:video-codec-MediaFoundation-h265: 746d11721c4dcdbdad8f713fa42b33f4 -> 
  custom:video-decoder-webm-vp8: 9c59270c3fd7afecdb556c50c9e8de78 -> 
  custom:audio-decoder-ogg-vorbis: bf7c407c2cedff20999df2af8eb42d56 -> 
  custom:audio-encoder-webm-vorbis: bf7c407c2cedff20999df2af8eb42d56 -> 
========================================================================
Received Import Request.
  Time since last request: 71.224253 seconds.
  path: Assets/Scenes/00_Title.unity
  artifactKey: Guid(9fc0d4010bbf28b4594072e72b8655ab) Importer(815301076,1909f56bfc062723c751e8b465ee728b)
Start importing Assets/Scenes/00_Title.unity using Guid(9fc0d4010bbf28b4594072e72b8655ab) Importer(815301076,1909f56bfc062723c751e8b465ee728b)  -> (artifact id: '0260899da27476f178fc4f0f2fe56645') in 0.031715 seconds 
  Import took 0.034543 seconds .

========================================================================
Received Prepare
Registering precompiled user dll's ...
Registered in 0.033217 seconds.
Begin MonoManager ReloadAssembly
Native extension for WindowsStandalone target not found
Native extension for OSXStandalone target not found
Native extension for WebGL target not found
Refreshing native plugins compatible for Editor in 0.48 ms, found 2 plugins.
Preloading 0 native plugins for Editor in 0.00 ms.
Mono: successfully reloaded assembly
- Completed reload, in  3.294 seconds
Domain Reload Profiling:
	ReloadAssembly (3295ms)
		BeginReloadAssembly (660ms)
			ExecutionOrderSort (0ms)
			DisableScriptedObjects (16ms)
			BackupInstance (0ms)
			ReleaseScriptingObjects (0ms)
			CreateAndSetChildDomain (174ms)
		EndReloadAssembly (2470ms)
			LoadAssemblies (536ms)
			RebuildTransferFunctionScriptingTraits (0ms)
			SetupTypeCache (931ms)
			ReleaseScriptCaches (1ms)
			RebuildScriptCaches (79ms)
			SetupLoadedEditorAssemblies (934ms)
				LogAssemblyErrors (0ms)
				InitializePlatformSupportModulesInManaged (21ms)
				SetLoadedEditorAssemblies (1ms)
				RefreshPlugins (1ms)
				BeforeProcessingInitializeOnLoad (193ms)
				ProcessInitializeOnLoadAttributes (687ms)
				ProcessInitializeOnLoadMethodAttributes (4ms)
				AfterProcessingInitializeOnLoad (26ms)
				EditorAssembliesLoaded (1ms)
			ExecutionOrderSort2 (0ms)
			AwakeInstancesAfterBackupRestoration (12ms)
Platform modules already initialized, skipping
Refreshing native plugins compatible for Editor in 0.43 ms, found 2 plugins.
Preloading 0 native plugins for Editor in 0.00 ms.
Unloading 1392 Unused Serialized files (Serialized files now loaded: 0)
System memory in use before: 68.2 MB.
System memory in use after: 68.2 MB.

Unloading 14 unused Assets to reduce memory usage. Loaded Objects now: 1852.
Total: 3.540000 ms (FindLiveObjects: 0.228000 ms CreateObjectMapping: 0.056900 ms MarkObjects: 3.190100 ms  DeleteObjects: 0.063500 ms)

AssetImportParameters requested are different than current active one (requested -> active):
  custom:framework-win-MediaFoundation: 216162199b28c13a410421893ffa2e32 -> 
  custom:video-decoder-ogg-theora: a1e56fd34408186e4bbccfd4996cb3dc -> 
  custom:container-muxer-webm: aa71ff27fc2769a1b78a27578f13a17b -> 
  custom:container-demuxer-webm: 4f35f7cbe854078d1ac9338744f61a02 -> 
  custom:container-demuxer-ogg: 62fdf1f143b41e24485cea50d1cbac27 -> 
  custom:video-encoder-webm-vp8: eb34c28f22e8b96e1ab97ce403110664 -> 
  custom:video-codec-MediaFoundation-h265: 746d11721c4dcdbdad8f713fa42b33f4 -> 
  custom:video-decoder-webm-vp8: 9c59270c3fd7afecdb556c50c9e8de78 -> 
  custom:audio-decoder-ogg-vorbis: bf7c407c2cedff20999df2af8eb42d56 -> 
  custom:audio-encoder-webm-vorbis: bf7c407c2cedff20999df2af8eb42d56 -> 
========================================================================
Received Prepare
Registering precompiled user dll's ...
Registered in 0.031137 seconds.
Begin MonoManager ReloadAssembly
Native extension for WindowsStandalone target not found
Native extension for OSXStandalone target not found
Native extension for WebGL target not found
Refreshing native plugins compatible for Editor in 4.94 ms, found 2 plugins.
Preloading 0 native plugins for Editor in 0.00 ms.
Mono: successfully reloaded assembly
- Completed reload, in  4.366 seconds
Domain Reload Profiling:
	ReloadAssembly (4366ms)
		BeginReloadAssembly (1754ms)
			ExecutionOrderSort (0ms)
			DisableScriptedObjects (7ms)
			BackupInstance (0ms)
			ReleaseScriptingObjects (0ms)
			CreateAndSetChildDomain (1143ms)
		EndReloadAssembly (2412ms)
			LoadAssemblies (702ms)
			RebuildTransferFunctionScriptingTraits (0ms)
			SetupTypeCache (589ms)
			ReleaseScriptCaches (1ms)
			RebuildScriptCaches (63ms)
			SetupLoadedEditorAssemblies (1256ms)
				LogAssemblyErrors (0ms)
				InitializePlatformSupportModulesInManaged (26ms)
				SetLoadedEditorAssemblies (1ms)
				RefreshPlugins (5ms)
				BeforeProcessingInitializeOnLoad (456ms)
				ProcessInitializeOnLoadAttributes (735ms)
				ProcessInitializeOnLoadMethodAttributes (4ms)
				AfterProcessingInitializeOnLoad (30ms)
				EditorAssembliesLoaded (0ms)
			ExecutionOrderSort2 (0ms)
			AwakeInstancesAfterBackupRestoration (14ms)
Platform modules already initialized, skipping
Refreshing native plugins compatible for Editor in 4.55 ms, found 2 plugins.
Preloading 0 native plugins for Editor in 0.00 ms.
Unloading 1392 Unused Serialized files (Serialized files now loaded: 0)
System memory in use before: 68.2 MB.
System memory in use after: 68.2 MB.

Unloading 14 unused Assets to reduce memory usage. Loaded Objects now: 1855.
Total: 6.129300 ms (FindLiveObjects: 0.140600 ms CreateObjectMapping: 0.139500 ms MarkObjects: 5.774100 ms  DeleteObjects: 0.073400 ms)

AssetImportParameters requested are different than current active one (requested -> active):
  custom:framework-win-MediaFoundation: 216162199b28c13a410421893ffa2e32 -> 
  custom:video-decoder-ogg-theora: a1e56fd34408186e4bbccfd4996cb3dc -> 
  custom:container-muxer-webm: aa71ff27fc2769a1b78a27578f13a17b -> 
  custom:container-demuxer-webm: 4f35f7cbe854078d1ac9338744f61a02 -> 
  custom:container-demuxer-ogg: 62fdf1f143b41e24485cea50d1cbac27 -> 
  custom:video-encoder-webm-vp8: eb34c28f22e8b96e1ab97ce403110664 -> 
  custom:video-codec-MediaFoundation-h265: 746d11721c4dcdbdad8f713fa42b33f4 -> 
  custom:video-decoder-webm-vp8: 9c59270c3fd7afecdb556c50c9e8de78 -> 
  custom:audio-decoder-ogg-vorbis: bf7c407c2cedff20999df2af8eb42d56 -> 
  custom:audio-encoder-webm-vorbis: bf7c407c2cedff20999df2af8eb42d56 -> 
========================================================================
Received Import Request.
  Time since last request: 232.487268 seconds.
  path: Assets/Scenes
  artifactKey: Guid(a9cbf26e40fa8034d9374d830b785281) Importer(815301076,1909f56bfc062723c751e8b465ee728b)
Start importing Assets/Scenes using Guid(a9cbf26e40fa8034d9374d830b785281) Importer(815301076,1909f56bfc062723c751e8b465ee728b)  -> (artifact id: '3ea79c27ed142509b9847ed11c3a4bb0') in 0.133573 seconds 
  Import took 0.166076 seconds .

========================================================================
Received Import Request.
  Time since last request: 5.337513 seconds.
  path: Assets/Scenes/01_01_SetMember.unity
  artifactKey: Guid(531f7567685981a44a38dd1cdb8318c9) Importer(815301076,1909f56bfc062723c751e8b465ee728b)
Start importing Assets/Scenes/01_01_SetMember.unity using Guid(531f7567685981a44a38dd1cdb8318c9) Importer(815301076,1909f56bfc062723c751e8b465ee728b)  -> (artifact id: '93832185602aed9c9d2ce39656b04567') in 0.584162 seconds 
  Import took 0.593890 seconds .

========================================================================
Received Import Request.
  Time since last request: 16.721423 seconds.
  path: Assets/Scenes/01_Menu.unity
  artifactKey: Guid(5e73f7e656a8a6840836cc559f441f4a) Importer(815301076,1909f56bfc062723c751e8b465ee728b)
Start importing Assets/Scenes/01_Menu.unity using Guid(5e73f7e656a8a6840836cc559f441f4a) Importer(815301076,1909f56bfc062723c751e8b465ee728b)  -> (artifact id: '13988fef32c074372517b8039e45ffe6') in 0.141036 seconds 
  Import took 0.181512 seconds .

========================================================================
Received Import Request.
  Time since last request: 116.672285 seconds.
  path: Assets/Images/menu.png
  artifactKey: Guid(36a7d54b5f3ac3e43a761bbe4833fdca) Importer(815301076,1909f56bfc062723c751e8b465ee728b)
Start importing Assets/Images/menu.png using Guid(36a7d54b5f3ac3e43a761bbe4833fdca) Importer(815301076,1909f56bfc062723c751e8b465ee728b)  -> (artifact id: '9d0c52078cf6a09161be3bc933775e56') in 0.917167 seconds 
  Import took 0.954962 seconds .

========================================================================
Received Import Request.
  Time since last request: 2.212761 seconds.
  path: Assets/Images/menu.png
  artifactKey: Guid(36a7d54b5f3ac3e43a761bbe4833fdca) Importer(815301076,1909f56bfc062723c751e8b465ee728b)
Start importing Assets/Images/menu.png using Guid(36a7d54b5f3ac3e43a761bbe4833fdca) Importer(815301076,1909f56bfc062723c751e8b465ee728b)  -> (artifact id: '02b7ee84aab0dae87b600ae2a03d4e97') in 0.420528 seconds 
  Import took 0.432133 seconds .

========================================================================
Received Import Request.
  Time since last request: 0.000182 seconds.
  path: Assets/Images/menu.png
  artifactKey: Guid(36a7d54b5f3ac3e43a761bbe4833fdca) Importer(815301076,1909f56bfc062723c751e8b465ee728b)
Start importing Assets/Images/menu.png using Guid(36a7d54b5f3ac3e43a761bbe4833fdca) Importer(815301076,1909f56bfc062723c751e8b465ee728b)  -> (artifact id: '02b7ee84aab0dae87b600ae2a03d4e97') in 0.146841 seconds 
  Import took 0.151439 seconds .

========================================================================
Received Import Request.
  Time since last request: 95.941957 seconds.
  path: Assets/Scenes/01_Menu.unity
  artifactKey: Guid(5e73f7e656a8a6840836cc559f441f4a) Importer(815301076,1909f56bfc062723c751e8b465ee728b)
Start importing Assets/Scenes/01_Menu.unity using Guid(5e73f7e656a8a6840836cc559f441f4a) Importer(815301076,1909f56bfc062723c751e8b465ee728b)  -> (artifact id: 'b5a562621a8ae26a5a0a212e0fd86c58') in 1.204877 seconds 
  Import took 1.223162 seconds .

========================================================================
Received Import Request.
  Time since last request: 33.406019 seconds.
  path: Assets/Scenes/01_01_SetMember.unity
  artifactKey: Guid(531f7567685981a44a38dd1cdb8318c9) Importer(815301076,1909f56bfc062723c751e8b465ee728b)
Start importing Assets/Scenes/01_01_SetMember.unity using Guid(531f7567685981a44a38dd1cdb8318c9) Importer(815301076,1909f56bfc062723c751e8b465ee728b)  -> (artifact id: 'e3bd273cb004dc1c40c3733168b76b12') in 0.181500 seconds 
  Import took 0.186023 seconds .

========================================================================
Received Import Request.
  Time since last request: 1.145168 seconds.
  path: Assets/Scenes/01_01_SetMembers.unity
  artifactKey: Guid(531f7567685981a44a38dd1cdb8318c9) Importer(815301076,1909f56bfc062723c751e8b465ee728b)
Start importing Assets/Scenes/01_01_SetMembers.unity using Guid(531f7567685981a44a38dd1cdb8318c9) Importer(815301076,1909f56bfc062723c751e8b465ee728b)  -> (artifact id: '8454789620b033b410acab987bfd4e04') in 0.043608 seconds 
  Import took 0.046855 seconds .

========================================================================
Received Import Request.
  Time since last request: 61.216919 seconds.
  path: Assets/Images/setMemberBG.jpg
  artifactKey: Guid(4c932dac6105b394ebc64d99b523aed0) Importer(815301076,1909f56bfc062723c751e8b465ee728b)
Start importing Assets/Images/setMemberBG.jpg using Guid(4c932dac6105b394ebc64d99b523aed0) Importer(815301076,1909f56bfc062723c751e8b465ee728b)  -> (artifact id: 'cf13973d48e599419f1791021fcca273') in 0.393016 seconds 
  Import took 1.012261 seconds .

========================================================================
Received Import Request.
  Time since last request: 0.835611 seconds.
  path: Assets/Images/setMemberBG.jpg
  artifactKey: Guid(4c932dac6105b394ebc64d99b523aed0) Importer(815301076,1909f56bfc062723c751e8b465ee728b)
Start importing Assets/Images/setMemberBG.jpg using Guid(4c932dac6105b394ebc64d99b523aed0) Importer(815301076,1909f56bfc062723c751e8b465ee728b)  -> (artifact id: 'cf13973d48e599419f1791021fcca273') in 0.067270 seconds 
  Import took 0.084142 seconds .

========================================================================
Received Import Request.
  Time since last request: 1.202606 seconds.
  path: Assets/Images/setMemberBG.jpg
  artifactKey: Guid(4c932dac6105b394ebc64d99b523aed0) Importer(815301076,1909f56bfc062723c751e8b465ee728b)
Start importing Assets/Images/setMemberBG.jpg using Guid(4c932dac6105b394ebc64d99b523aed0) Importer(815301076,1909f56bfc062723c751e8b465ee728b)  -> (artifact id: 'd87cf38be789a92728cfd4783d7a7542') in 0.399593 seconds 
  Import took 0.465384 seconds .

========================================================================
Received Import Request.
  Time since last request: 62.301242 seconds.
  path: Assets/Scenes/01_01_SetMembers.unity
  artifactKey: Guid(531f7567685981a44a38dd1cdb8318c9) Importer(815301076,1909f56bfc062723c751e8b465ee728b)
Start importing Assets/Scenes/01_01_SetMembers.unity using Guid(531f7567685981a44a38dd1cdb8318c9) Importer(815301076,1909f56bfc062723c751e8b465ee728b)  -> (artifact id: 'e9be2206c968c3d77593a30436408694') in 0.088414 seconds 
  Import took 0.131831 seconds .

========================================================================
Received Import Request.
  Time since last request: 37.193160 seconds.
  path: Assets/Scenes/01_Menu.unity
  artifactKey: Guid(5e73f7e656a8a6840836cc559f441f4a) Importer(815301076,1909f56bfc062723c751e8b465ee728b)
Start importing Assets/Scenes/01_Menu.unity using Guid(5e73f7e656a8a6840836cc559f441f4a) Importer(815301076,1909f56bfc062723c751e8b465ee728b)  -> (artifact id: '5dbc7e02ca000665d2ed6b429875740c') in 0.855333 seconds 
  Import took 0.858887 seconds .

========================================================================
Received Import Request.
  Time since last request: 1.174919 seconds.
  path: Assets/Scenes/01_01_SetMembers.unity
  artifactKey: Guid(531f7567685981a44a38dd1cdb8318c9) Importer(815301076,1909f56bfc062723c751e8b465ee728b)
Start importing Assets/Scenes/01_01_SetMembers.unity using Guid(531f7567685981a44a38dd1cdb8318c9) Importer(815301076,1909f56bfc062723c751e8b465ee728b)  -> (artifact id: '36e9bd28090a6c185731e52abc7becfd') in 0.248915 seconds 
  Import took 0.306858 seconds .

========================================================================
Received Prepare
Registering precompiled user dll's ...
Registered in 0.125052 seconds.
Begin MonoManager ReloadAssembly
Native extension for WindowsStandalone target not found
Native extension for OSXStandalone target not found
Native extension for WebGL target not found
Refreshing native plugins compatible for Editor in 0.37 ms, found 2 plugins.
Preloading 0 native plugins for Editor in 0.00 ms.
Mono: successfully reloaded assembly
- Completed reload, in  3.850 seconds
Domain Reload Profiling:
	ReloadAssembly (3851ms)
		BeginReloadAssembly (581ms)
			ExecutionOrderSort (0ms)
			DisableScriptedObjects (9ms)
			BackupInstance (0ms)
			ReleaseScriptingObjects (0ms)
			CreateAndSetChildDomain (87ms)
		EndReloadAssembly (3014ms)
			LoadAssemblies (600ms)
			RebuildTransferFunctionScriptingTraits (0ms)
			SetupTypeCache (964ms)
			ReleaseScriptCaches (1ms)
			RebuildScriptCaches (83ms)
			SetupLoadedEditorAssemblies (1318ms)
				LogAssemblyErrors (0ms)
				InitializePlatformSupportModulesInManaged (33ms)
				SetLoadedEditorAssemblies (1ms)
				RefreshPlugins (0ms)
				BeforeProcessingInitializeOnLoad (383ms)
				ProcessInitializeOnLoadAttributes (795ms)
				ProcessInitializeOnLoadMethodAttributes (35ms)
				AfterProcessingInitializeOnLoad (70ms)
				EditorAssembliesLoaded (0ms)
			ExecutionOrderSort2 (0ms)
			AwakeInstancesAfterBackupRestoration (31ms)
Platform modules already initialized, skipping
Refreshing native plugins compatible for Editor in 6.78 ms, found 2 plugins.
Preloading 0 native plugins for Editor in 0.00 ms.
Unloading 1392 Unused Serialized files (Serialized files now loaded: 0)
System memory in use before: 68.2 MB.
System memory in use after: 68.3 MB.

Unloading 14 unused Assets to reduce memory usage. Loaded Objects now: 1864.
Total: 16.687100 ms (FindLiveObjects: 4.705600 ms CreateObjectMapping: 1.236700 ms MarkObjects: 10.675900 ms  DeleteObjects: 0.066100 ms)

AssetImportParameters requested are different than current active one (requested -> active):
  custom:framework-win-MediaFoundation: 216162199b28c13a410421893ffa2e32 -> 
  custom:video-decoder-ogg-theora: a1e56fd34408186e4bbccfd4996cb3dc -> 
  custom:container-muxer-webm: aa71ff27fc2769a1b78a27578f13a17b -> 
  custom:container-demuxer-webm: 4f35f7cbe854078d1ac9338744f61a02 -> 
  custom:container-demuxer-ogg: 62fdf1f143b41e24485cea50d1cbac27 -> 
  custom:video-encoder-webm-vp8: eb34c28f22e8b96e1ab97ce403110664 -> 
  custom:video-codec-MediaFoundation-h265: 746d11721c4dcdbdad8f713fa42b33f4 -> 
  custom:video-decoder-webm-vp8: 9c59270c3fd7afecdb556c50c9e8de78 -> 
  custom:audio-decoder-ogg-vorbis: bf7c407c2cedff20999df2af8eb42d56 -> 
  custom:audio-encoder-webm-vorbis: bf7c407c2cedff20999df2af8eb42d56 -> 
========================================================================
Received Import Request.
  Time since last request: 73.198315 seconds.
  path: Assets/Scenes/01_01_SetMembers.unity
  artifactKey: Guid(531f7567685981a44a38dd1cdb8318c9) Importer(815301076,1909f56bfc062723c751e8b465ee728b)
Start importing Assets/Scenes/01_01_SetMembers.unity using Guid(531f7567685981a44a38dd1cdb8318c9) Importer(815301076,1909f56bfc062723c751e8b465ee728b)  -> (artifact id: 'b623143eb3ba6087cb00ae163735445d') in 0.089826 seconds 
  Import took 0.097463 seconds .

========================================================================
Received Prepare
Registering precompiled user dll's ...
Registered in 0.064367 seconds.
Begin MonoManager ReloadAssembly
Native extension for WindowsStandalone target not found
Native extension for OSXStandalone target not found
Native extension for WebGL target not found
Refreshing native plugins compatible for Editor in 0.79 ms, found 2 plugins.
Preloading 0 native plugins for Editor in 0.00 ms.
Mono: successfully reloaded assembly
- Completed reload, in  3.324 seconds
Domain Reload Profiling:
	ReloadAssembly (3325ms)
		BeginReloadAssembly (583ms)
			ExecutionOrderSort (0ms)
			DisableScriptedObjects (32ms)
			BackupInstance (0ms)
			ReleaseScriptingObjects (0ms)
			CreateAndSetChildDomain (87ms)
		EndReloadAssembly (2527ms)
			LoadAssemblies (643ms)
			RebuildTransferFunctionScriptingTraits (0ms)
			SetupTypeCache (649ms)
			ReleaseScriptCaches (2ms)
			RebuildScriptCaches (87ms)
			SetupLoadedEditorAssemblies (1075ms)
				LogAssemblyErrors (0ms)
				InitializePlatformSupportModulesInManaged (27ms)
				SetLoadedEditorAssemblies (1ms)
				RefreshPlugins (1ms)
				BeforeProcessingInitializeOnLoad (266ms)
				ProcessInitializeOnLoadAttributes (737ms)
				ProcessInitializeOnLoadMethodAttributes (12ms)
				AfterProcessingInitializeOnLoad (30ms)
				EditorAssembliesLoaded (0ms)
			ExecutionOrderSort2 (0ms)
			AwakeInstancesAfterBackupRestoration (12ms)
Platform modules already initialized, skipping
Refreshing native plugins compatible for Editor in 0.44 ms, found 2 plugins.
Preloading 0 native plugins for Editor in 0.00 ms.
Unloading 1392 Unused Serialized files (Serialized files now loaded: 0)
System memory in use before: 68.2 MB.
System memory in use after: 68.3 MB.

Unloading 14 unused Assets to reduce memory usage. Loaded Objects now: 1867.
Total: 2.754300 ms (FindLiveObjects: 0.187200 ms CreateObjectMapping: 0.051900 ms MarkObjects: 2.457600 ms  DeleteObjects: 0.056300 ms)

AssetImportParameters requested are different than current active one (requested -> active):
  custom:framework-win-MediaFoundation: 216162199b28c13a410421893ffa2e32 -> 
  custom:video-decoder-ogg-theora: a1e56fd34408186e4bbccfd4996cb3dc -> 
  custom:container-muxer-webm: aa71ff27fc2769a1b78a27578f13a17b -> 
  custom:container-demuxer-webm: 4f35f7cbe854078d1ac9338744f61a02 -> 
  custom:container-demuxer-ogg: 62fdf1f143b41e24485cea50d1cbac27 -> 
  custom:video-encoder-webm-vp8: eb34c28f22e8b96e1ab97ce403110664 -> 
  custom:video-codec-MediaFoundation-h265: 746d11721c4dcdbdad8f713fa42b33f4 -> 
  custom:video-decoder-webm-vp8: 9c59270c3fd7afecdb556c50c9e8de78 -> 
  custom:audio-decoder-ogg-vorbis: bf7c407c2cedff20999df2af8eb42d56 -> 
  custom:audio-encoder-webm-vorbis: bf7c407c2cedff20999df2af8eb42d56 -> 
========================================================================
Received Prepare
Registering precompiled user dll's ...
Registered in 0.053547 seconds.
Begin MonoManager ReloadAssembly
Native extension for WindowsStandalone target not found
Native extension for OSXStandalone target not found
Native extension for WebGL target not found
Refreshing native plugins compatible for Editor in 0.64 ms, found 2 plugins.
Preloading 0 native plugins for Editor in 0.00 ms.
Mono: successfully reloaded assembly
- Completed reload, in  4.190 seconds
Domain Reload Profiling:
	ReloadAssembly (4191ms)
		BeginReloadAssembly (720ms)
			ExecutionOrderSort (0ms)
			DisableScriptedObjects (17ms)
			BackupInstance (0ms)
			ReleaseScriptingObjects (0ms)
			CreateAndSetChildDomain (105ms)
		EndReloadAssembly (3304ms)
			LoadAssemblies (631ms)
			RebuildTransferFunctionScriptingTraits (0ms)
			SetupTypeCache (954ms)
			ReleaseScriptCaches (1ms)
			RebuildScriptCaches (78ms)
			SetupLoadedEditorAssemblies (1594ms)
				LogAssemblyErrors (0ms)
				InitializePlatformSupportModulesInManaged (24ms)
				SetLoadedEditorAssemblies (6ms)
				RefreshPlugins (1ms)
				BeforeProcessingInitializeOnLoad (204ms)
				ProcessInitializeOnLoadAttributes (1333ms)
				ProcessInitializeOnLoadMethodAttributes (4ms)
				AfterProcessingInitializeOnLoad (21ms)
				EditorAssembliesLoaded (1ms)
			ExecutionOrderSort2 (0ms)
			AwakeInstancesAfterBackupRestoration (19ms)
Platform modules already initialized, skipping
Refreshing native plugins compatible for Editor in 0.40 ms, found 2 plugins.
Preloading 0 native plugins for Editor in 0.00 ms.
Unloading 1392 Unused Serialized files (Serialized files now loaded: 0)
System memory in use before: 68.2 MB.
System memory in use after: 68.3 MB.

Unloading 14 unused Assets to reduce memory usage. Loaded Objects now: 1870.
Total: 2.820400 ms (FindLiveObjects: 0.252500 ms CreateObjectMapping: 0.134900 ms MarkObjects: 2.363600 ms  DeleteObjects: 0.068000 ms)

AssetImportParameters requested are different than current active one (requested -> active):
  custom:framework-win-MediaFoundation: 216162199b28c13a410421893ffa2e32 -> 
  custom:video-decoder-ogg-theora: a1e56fd34408186e4bbccfd4996cb3dc -> 
  custom:container-muxer-webm: aa71ff27fc2769a1b78a27578f13a17b -> 
  custom:container-demuxer-webm: 4f35f7cbe854078d1ac9338744f61a02 -> 
  custom:container-demuxer-ogg: 62fdf1f143b41e24485cea50d1cbac27 -> 
  custom:video-encoder-webm-vp8: eb34c28f22e8b96e1ab97ce403110664 -> 
  custom:video-codec-MediaFoundation-h265: 746d11721c4dcdbdad8f713fa42b33f4 -> 
  custom:video-decoder-webm-vp8: 9c59270c3fd7afecdb556c50c9e8de78 -> 
  custom:audio-decoder-ogg-vorbis: bf7c407c2cedff20999df2af8eb42d56 -> 
  custom:audio-encoder-webm-vorbis: bf7c407c2cedff20999df2af8eb42d56 -> 
========================================================================
Received Import Request.
  Time since last request: 130.776477 seconds.
  path: Assets/Scenes/02_Main.unity
  artifactKey: Guid(457abb970dc91584389ad9c5b3e728c8) Importer(815301076,1909f56bfc062723c751e8b465ee728b)
Start importing Assets/Scenes/02_Main.unity using Guid(457abb970dc91584389ad9c5b3e728c8) Importer(815301076,1909f56bfc062723c751e8b465ee728b)  -> (artifact id: '9f06f59b429b41cdc3ed12114dec6fde') in 0.559970 seconds 
  Import took 0.585689 seconds .

========================================================================
Received Import Request.
  Time since last request: 73.227229 seconds.
  path: Assets/Images/matching.jpg
  artifactKey: Guid(cfda14ef269b3e440b5f8bda89717332) Importer(815301076,1909f56bfc062723c751e8b465ee728b)
Start importing Assets/Images/matching.jpg using Guid(cfda14ef269b3e440b5f8bda89717332) Importer(815301076,1909f56bfc062723c751e8b465ee728b)  -> (artifact id: '27261ad0507bb20997422b33c776c630') in 0.851655 seconds 
  Import took 0.856425 seconds .

========================================================================
Received Import Request.
  Time since last request: 0.792317 seconds.
  path: Assets/Images/matching.jpg
  artifactKey: Guid(cfda14ef269b3e440b5f8bda89717332) Importer(815301076,1909f56bfc062723c751e8b465ee728b)
Start importing Assets/Images/matching.jpg using Guid(cfda14ef269b3e440b5f8bda89717332) Importer(815301076,1909f56bfc062723c751e8b465ee728b)  -> (artifact id: '5c457b9ee2aacec5c0f08b316f05f8d2') in 0.381319 seconds 
  Import took 0.386851 seconds .

========================================================================
Received Import Request.
  Time since last request: 8.752114 seconds.
  path: Assets/Scenes/02_Main.unity
  artifactKey: Guid(457abb970dc91584389ad9c5b3e728c8) Importer(815301076,1909f56bfc062723c751e8b465ee728b)
Start importing Assets/Scenes/02_Main.unity using Guid(457abb970dc91584389ad9c5b3e728c8) Importer(815301076,1909f56bfc062723c751e8b465ee728b)  -> (artifact id: '7a03db8dac7a2a2bbc02150c3068071c') in 0.053231 seconds 
  Import took 0.067161 seconds .

========================================================================
Received Prepare
Registering precompiled user dll's ...
Registered in 0.037180 seconds.
Begin MonoManager ReloadAssembly
Native extension for WindowsStandalone target not found
Native extension for OSXStandalone target not found
Native extension for WebGL target not found
Refreshing native plugins compatible for Editor in 0.66 ms, found 2 plugins.
Preloading 0 native plugins for Editor in 0.00 ms.
Mono: successfully reloaded assembly
- Completed reload, in 43.242 seconds
Domain Reload Profiling:
	ReloadAssembly (43242ms)
		BeginReloadAssembly (17301ms)
			ExecutionOrderSort (0ms)
			DisableScriptedObjects (5ms)
			BackupInstance (0ms)
			ReleaseScriptingObjects (0ms)
			CreateAndSetChildDomain (118ms)
		EndReloadAssembly (21638ms)
			LoadAssemblies (18092ms)
			RebuildTransferFunctionScriptingTraits (0ms)
			SetupTypeCache (2903ms)
			ReleaseScriptCaches (34ms)
			RebuildScriptCaches (457ms)
			SetupLoadedEditorAssemblies (15777ms)
				LogAssemblyErrors (0ms)
				InitializePlatformSupportModulesInManaged (83ms)
				SetLoadedEditorAssemblies (1ms)
				RefreshPlugins (1ms)
				BeforeProcessingInitializeOnLoad (848ms)
				ProcessInitializeOnLoadAttributes (13846ms)
				ProcessInitializeOnLoadMethodAttributes (693ms)
				AfterProcessingInitializeOnLoad (250ms)
				EditorAssembliesLoaded (56ms)
			ExecutionOrderSort2 (0ms)
			AwakeInstancesAfterBackupRestoration (89ms)
Platform modules already initialized, skipping
Refreshing native plugins compatible for Editor in 1.23 ms, found 2 plugins.
Preloading 0 native plugins for Editor in 0.00 ms.
Unloading 1392 Unused Serialized files (Serialized files now loaded: 0)
System memory in use before: 68.3 MB.
System memory in use after: 68.4 MB.

Unloading 14 unused Assets to reduce memory usage. Loaded Objects now: 1876.
Total: 9.224100 ms (FindLiveObjects: 0.206200 ms CreateObjectMapping: 0.900200 ms MarkObjects: 8.053600 ms  DeleteObjects: 0.061700 ms)

AssetImportParameters requested are different than current active one (requested -> active):
  custom:framework-win-MediaFoundation: 216162199b28c13a410421893ffa2e32 -> 
  custom:video-decoder-ogg-theora: a1e56fd34408186e4bbccfd4996cb3dc -> 
  custom:container-muxer-webm: aa71ff27fc2769a1b78a27578f13a17b -> 
  custom:container-demuxer-webm: 4f35f7cbe854078d1ac9338744f61a02 -> 
  custom:container-demuxer-ogg: 62fdf1f143b41e24485cea50d1cbac27 -> 
  custom:video-encoder-webm-vp8: eb34c28f22e8b96e1ab97ce403110664 -> 
  custom:video-codec-MediaFoundation-h265: 746d11721c4dcdbdad8f713fa42b33f4 -> 
  custom:video-decoder-webm-vp8: 9c59270c3fd7afecdb556c50c9e8de78 -> 
  custom:audio-decoder-ogg-vorbis: bf7c407c2cedff20999df2af8eb42d56 -> 
  custom:audio-encoder-webm-vorbis: bf7c407c2cedff20999df2af8eb42d56 -> 
AssetImportWorkerClient::OnTransportError - code=2 error=End of file
